<?xml version="1.0" encoding="UTF-8"?>
<!-- Generated by org.testng.reporters.JUnitReportReporter -->
<testsuite hostname="iSHIELD-Lap" failures="0" tests="6" name="com.TestNg.Priority" time="0.088" errors="0" timestamp="2022-08-08T16:57:18 IST" skipped="0">
  <testcase classname="com.TestNg.Priority" name="Sour" time="0.030"/>
  <system-out/>
  <testcase classname="com.TestNg.Priority" name="Astringent" time="0.011"/>
  <system-out/>
  <testcase classname="com.TestNg.Priority" name="Sweet" time="0.009"/>
  <system-out/>
  <testcase classname="com.TestNg.Priority" name="Spicy" time="0.010"/>
  <system-out/>
  <testcase classname="com.TestNg.Priority" name="Bitter" time="0.013"/>
  <system-out/>
  <testcase classname="com.TestNg.Priority" name="Salty" time="0.015"/>
  <system-out/>
</testsuite> <!-- com.TestNg.Priority -->
