<?xml version="1.0" encoding="UTF-8"?>
<!-- Generated by org.testng.reporters.JUnitReportReporter -->
<testsuite hostname="iSHIELD-Lap" failures="0" tests="6" name="com.TestNg.Simple_Annotation" time="0.132" errors="0" timestamp="2022-08-03T14:15:50 IST" skipped="0">
  <testcase classname="com.TestNg.Simple_Annotation" name="thursday" time="0.015"/>
  <system-out/>
  <testcase classname="com.TestNg.Simple_Annotation" name="saturday" time="0.013"/>
  <system-out/>
  <testcase classname="com.TestNg.Simple_Annotation" name="wednesday" time="0.023"/>
  <system-out/>
  <testcase classname="com.TestNg.Simple_Annotation" name="sunday" time="0.023"/>
  <system-out/>
  <testcase classname="com.TestNg.Simple_Annotation" name="tuesday" time="0.030"/>
  <system-out/>
  <testcase classname="com.TestNg.Simple_Annotation" name="friday" time="0.028"/>
  <system-out/>
</testsuite> <!-- com.TestNg.Simple_Annotation -->
