<?xml version="1.0" encoding="UTF-8"?>
<!-- Generated by org.testng.reporters.JUnitReportReporter -->
<testsuite hostname="iSHIELD-Lap" failures="0" tests="8" name="com.TestNg.Invocation_Count" time="0.137" errors="0" timestamp="2022-08-03T15:44:25 IST" skipped="0">
  <testcase classname="com.TestNg.Invocation_Count" name="Tester" time="0.016"/>
  <system-out/>
  <testcase classname="com.TestNg.Invocation_Count" name="Team_Leader" time="0.012"/>
  <system-out/>
  <testcase classname="com.TestNg.Invocation_Count" name="Architect" time="0.047"/>
  <system-out/>
  <testcase classname="com.TestNg.Invocation_Count" name="Team_Leader" time="0.011"/>
  <system-out/>
  <testcase classname="com.TestNg.Invocation_Count" name="Tester" time="0.010"/>
  <system-out/>
  <testcase classname="com.TestNg.Invocation_Count" name="User" time="0.012"/>
  <system-out/>
  <testcase classname="com.TestNg.Invocation_Count" name="Tester" time="0.014"/>
  <system-out/>
  <testcase classname="com.TestNg.Invocation_Count" name="Developer" time="0.015"/>
  <system-out/>
</testsuite> <!-- com.TestNg.Invocation_Count -->
