<?xml version="1.0" encoding="UTF-8"?>
<!-- Generated by org.testng.reporters.JUnitReportReporter -->
<testsuite hostname="iSHIELD-Lap" failures="0" tests="1" name="com.TestNg.Expected_Exception" time="0.039" errors="0" timestamp="2022-08-03T15:04:58 IST" skipped="0">
  <testcase classname="com.TestNg.Expected_Exception" name="addition" time="0.039"/>
  <system-out/>
</testsuite> <!-- com.TestNg.Expected_Exception -->
