<?xml version="1.0" encoding="UTF-8"?>
<!-- Generated by org.testng.reporters.JUnitReportReporter -->
<testsuite hostname="iSHIELD-Lap" failures="0" tests="1" name="com.TestNg.Parameterized_Test" time="0.029" errors="0" timestamp="2022-08-04T13:18:18 IST" skipped="0">
  <testcase classname="com.TestNg.Parameterized_Test" name="test" time="0.029"/>
  <system-out/>
</testsuite> <!-- com.TestNg.Parameterized_Test -->
