<?xml version="1.0" encoding="UTF-8"?>
<!-- Generated by org.testng.reporters.JUnitReportReporter -->
<testsuite hostname="iSHIELD-Lap" failures="0" tests="3" name="com.TestNg.Data_Provider" time="0.044" errors="0" timestamp="2022-08-04T12:45:15 IST" skipped="0">
  <testcase classname="com.TestNg.Data_Provider" name="add" time="0.023"/>
  <system-out/>
  <testcase classname="com.TestNg.Data_Provider" name="add" time="0.011"/>
  <system-out/>
  <testcase classname="com.TestNg.Data_Provider" name="add" time="0.010"/>
  <system-out/>
</testsuite> <!-- com.TestNg.Data_Provider -->
