<?xml version="1.0" encoding="UTF-8"?>
<!-- Generated by org.testng.reporters.JUnitReportReporter -->
<testsuite hostname="iSHIELD-Lap" failures="0" tests="6" name="priority_Test.Taste" time="0.194" errors="0" timestamp="2022-08-02T12:06:07 IST" skipped="0">
  <testcase classname="priority_Test.Taste" name="Sour" time="0.070"/>
  <system-out/>
  <testcase classname="priority_Test.Taste" name="Sweet" time="0.012"/>
  <system-out/>
  <testcase classname="priority_Test.Taste" name="Astringent" time="0.008"/>
  <system-out/>
  <testcase classname="priority_Test.Taste" name="Spicy" time="0.011"/>
  <system-out/>
  <testcase classname="priority_Test.Taste" name="Bitter" time="0.045"/>
  <system-out/>
  <testcase classname="priority_Test.Taste" name="Salty" time="0.048"/>
  <system-out/>
</testsuite> <!-- priority_Test.Taste -->
