<?xml version="1.0" encoding="UTF-8"?>
<!-- Generated by org.testng.reporters.JUnitReportReporter -->
<testsuite hostname="iSHIELD-Lap" failures="0" tests="6" name="com.TestNg.Sample" time="0.108" errors="0" timestamp="2022-08-02T11:01:11 IST" skipped="0">
  <testcase classname="com.TestNg.Sample" name="thursday" time="0.014"/>
  <system-out/>
  <testcase classname="com.TestNg.Sample" name="saturday" time="0.016"/>
  <system-out/>
  <testcase classname="com.TestNg.Sample" name="wednesday" time="0.011"/>
  <system-out/>
  <testcase classname="com.TestNg.Sample" name="sunday" time="0.011"/>
  <system-out/>
  <testcase classname="com.TestNg.Sample" name="tuesday" time="0.027"/>
  <system-out/>
  <testcase classname="com.TestNg.Sample" name="friday" time="0.029"/>
  <system-out/>
</testsuite> <!-- com.TestNg.Sample -->
