<?xml version="1.0" encoding="UTF-8"?>
<!-- Generated by org.testng.reporters.JUnitReportReporter -->
<testsuite hostname="iSHIELD-Lap" failures="0" tests="4" name="com.TestNg.Grouping" time="0.053" errors="0" timestamp="2022-08-04T12:25:23 IST" skipped="0">
  <testcase classname="com.TestNg.Grouping" name="Whasing_Machine" time="0.007"/>
  <system-out/>
  <testcase classname="com.TestNg.Grouping" name="Television" time="0.005"/>
  <system-out/>
  <testcase classname="com.TestNg.Grouping" name="Air_Conditioner" time="0.034"/>
  <system-out/>
  <testcase classname="com.TestNg.Grouping" name="Refridgerator" time="0.007"/>
  <system-out/>
</testsuite> <!-- com.TestNg.Grouping -->
