<?xml version="1.0" encoding="UTF-8"?>
<!-- Generated by org.testng.reporters.JUnitReportReporter -->
<testsuite hostname="iSHIELD-Lap" failures="0" tests="6" name="com.Ignore_Test.Sample" time="0.048" errors="0" timestamp="2022-08-02T12:05:13 IST" skipped="2">
  <testcase classname="com.Ignore_Test.Sample" name="English" time="0.005"/>
  <system-out/>
  <testcase classname="com.Ignore_Test.Sample" name="Class" time="0.034"/>
  <system-out/>
  <testcase classname="com.Ignore_Test.Sample" name="Rollno" time="0.005"/>
  <system-out/>
  <testcase classname="com.Ignore_Test.Sample" name="Name" time="0.004"/>
  <system-out/>
  <testcase classname="com.Ignore_Test.Sample" name="Subject">
    <skipped/>
  </testcase> <!-- Subject -->
  <system-out/>
  <testcase classname="com.Ignore_Test.Sample" name="Tamil">
    <skipped/>
  </testcase> <!-- Tamil -->
  <system-out/>
</testsuite> <!-- com.Ignore_Test.Sample -->
