<?xml version="1.0" encoding="UTF-8"?>
<!-- Generated by org.testng.reporters.JUnitReportReporter -->
<testsuite hostname="iSHIELD-Lap" failures="0" tests="6" name="com.TestNg.Ignore_Test" time="0.046" errors="0" timestamp="2022-08-03T14:12:28 IST" skipped="2">
  <testcase classname="com.TestNg.Ignore_Test" name="English" time="0.006"/>
  <system-out/>
  <testcase classname="com.TestNg.Ignore_Test" name="Class" time="0.032"/>
  <system-out/>
  <testcase classname="com.TestNg.Ignore_Test" name="Rollno" time="0.004"/>
  <system-out/>
  <testcase classname="com.TestNg.Ignore_Test" name="Name" time="0.004"/>
  <system-out/>
  <testcase classname="com.TestNg.Ignore_Test" name="Tamil">
    <skipped/>
  </testcase> <!-- Tamil -->
  <system-out/>
  <testcase classname="com.TestNg.Ignore_Test" name="Subject">
    <skipped/>
  </testcase> <!-- Subject -->
  <system-out/>
</testsuite> <!-- com.TestNg.Ignore_Test -->
