<?xml version="1.0" encoding="UTF-8"?>
<!-- Generated by org.testng.reporters.JUnitReportReporter -->
<testsuite hostname="iSHIELD-Lap" failures="0" tests="2" name="com.TestNg.Parallel" time="35.500" errors="0" timestamp="2022-08-04T12:33:21 IST" skipped="0">
  <testcase classname="com.TestNg.Parallel" name="Google" time="20.046"/>
  <system-out/>
  <testcase classname="com.TestNg.Parallel" name="Yahoo" time="15.454"/>
  <system-out/>
</testsuite> <!-- com.TestNg.Parallel -->
