<?xml version="1.0" encoding="UTF-8"?>
<!-- Generated by org.testng.reporters.JUnitReportReporter -->
<testsuite hostname="iSHIELD-Lap" failures="0" tests="3" name="com.TestNg.Dependency" time="0.067" errors="0" timestamp="2022-08-03T14:44:35 IST" skipped="0">
  <testcase classname="com.TestNg.Dependency" name="age25" time="0.012"/>
  <system-out/>
  <testcase classname="com.TestNg.Dependency" name="age20" time="0.010"/>
  <system-out/>
  <testcase classname="com.TestNg.Dependency" name="age18" time="0.045"/>
  <system-out/>
</testsuite> <!-- com.TestNg.Dependency -->
